{
  "RSpec": {
    "coverage": {
      "/Users/amayaqing/Desktop/CS4152_SaaS/saas-project/4152-Musiclub/app/helpers/application_helper.rb": {
        "lines": [
          1,
          null
        ]
      },
      "/Users/amayaqing/Desktop/CS4152_SaaS/saas-project/4152-Musiclub/app/helpers/musics_helper.rb": {
        "lines": [
          1,
          null,
          1,
          0,
          null,
          null
        ]
      },
      "/Users/amayaqing/Desktop/CS4152_SaaS/saas-project/4152-Musiclub/app/controllers/musics_controller.rb": {
        "lines": [
          1,
          1,
          null,
          1,
          1,
          1,
          null,
          null,
          1,
          0,
          0,
          0,
          0,
          null,
          0,
          0,
          null,
          null,
          1,
          null,
          null,
          null,
          1,
          1,
          1,
          1,
          null,
          null,
          1,
          1,
          null,
          null,
          1,
          1,
          1,
          1,
          1,
          null,
          null,
          1,
          1,
          1,
          1,
          1,
          null,
          null,
          1,
          null,
          1,
          0,
          0,
          0,
          0,
          null,
          null,
          null,
          1,
          0,
          null,
          null,
          1,
          0,
          null,
          null,
          1,
          0,
          null,
          null,
          1,
          null,
          null,
          1,
          2,
          null,
          null
        ]
      },
      "/Users/amayaqing/Desktop/CS4152_SaaS/saas-project/4152-Musiclub/app/controllers/application_controller.rb": {
        "lines": [
          1,
          null,
          null,
          1,
          null
        ]
      },
      "/Users/amayaqing/Desktop/CS4152_SaaS/saas-project/4152-Musiclub/app/models/music.rb": {
        "lines": [
          1,
          null,
          1,
          1,
          null,
          null,
          1,
          2,
          null,
          1,
          null,
          null,
          1,
          null,
          null,
          null,
          null
        ]
      }
    },
    "timestamp": 1667444516
  },
  "Cucumber Features": {
    "coverage": {
      "/Users/amayaqing/Desktop/CS4152_SaaS/saas-project/4152-Musiclub/config/environment.rb": {
        "lines": [
          null,
          1,
          null,
          null,
          1
        ]
      },
      "/Users/amayaqing/Desktop/CS4152_SaaS/saas-project/4152-Musiclub/config/application.rb": {
        "lines": [
          1,
          null,
          null,
          null,
          null,
          null,
          null,
          null,
          null,
          1,
          null,
          1,
          null,
          1,
          1,
          null,
          null,
          null,
          null,
          null,
          null,
          null,
          null,
          null,
          null,
          null,
          null,
          null,
          null,
          null,
          null,
          null,
          null,
          null,
          null,
          null,
          null,
          null,
          1,
          null,
          null,
          1,
          null,
          null,
          null,
          null,
          null,
          1,
          null,
          null,
          null,
          1,
          null,
          null,
          null,
          null,
          null,
          null,
          null,
          null,
          null,
          null,
          null,
          null,
          null,
          1,
          null,
          null,
          null
        ]
      },
      "/Users/amayaqing/Desktop/CS4152_SaaS/saas-project/4152-Musiclub/config/boot.rb": {
        "lines": [
          1,
          null,
          null,
          1,
          null,
          1
        ]
      },
      "/Users/amayaqing/Desktop/CS4152_SaaS/saas-project/4152-Musiclub/config/environments/test.rb": {
        "lines": [
          1,
          null,
          null,
          null,
          null,
          null,
          null,
          1,
          null,
          null,
          1,
          1,
          1,
          null,
          null,
          null,
          1,
          1,
          null,
          null,
          1,
          null,
          null,
          1,
          null,
          null,
          null,
          null,
          1,
          null,
          null,
          null,
          null,
          null,
          null,
          null,
          1,
          null,
          null,
          1,
          null
        ]
      },
      "/Users/amayaqing/Desktop/CS4152_SaaS/saas-project/4152-Musiclub/config/initializers/backtrace_silencers.rb": {
        "lines": [
          null,
          null,
          null,
          null,
          null,
          null,
          null
        ]
      },
      "/Users/amayaqing/Desktop/CS4152_SaaS/saas-project/4152-Musiclub/config/initializers/inflections.rb": {
        "lines": [
          null,
          null,
          null,
          null,
          null,
          null,
          null,
          null,
          null,
          null
        ]
      },
      "/Users/amayaqing/Desktop/CS4152_SaaS/saas-project/4152-Musiclub/config/initializers/mime_types.rb": {
        "lines": [
          null,
          null,
          null,
          null,
          null
        ]
      },
      "/Users/amayaqing/Desktop/CS4152_SaaS/saas-project/4152-Musiclub/config/initializers/session_store.rb": {
        "lines": [
          null,
          null,
          1,
          null,
          null,
          null,
          null,
          null
        ]
      },
      "/Users/amayaqing/Desktop/CS4152_SaaS/saas-project/4152-Musiclub/config/initializers/wrap_parameters.rb": {
        "lines": [
          null,
          null,
          null,
          null,
          null,
          null,
          1,
          1,
          null,
          null,
          null,
          1,
          1,
          null
        ]
      },
      "/Users/amayaqing/Desktop/CS4152_SaaS/saas-project/4152-Musiclub/spec/factories/music_factory.rb": {
        "lines": [
          1,
          1,
          1,
          1,
          1,
          1,
          1,
          null,
          null
        ]
      },
      "/Users/amayaqing/Desktop/CS4152_SaaS/saas-project/4152-Musiclub/config/routes.rb": {
        "lines": [
          1,
          null,
          1,
          null,
          1,
          1,
          1,
          1,
          null,
          1,
          1,
          1,
          1,
          null,
          1,
          1,
          null,
          null
        ]
      },
      "/Users/amayaqing/Desktop/CS4152_SaaS/saas-project/4152-Musiclub/features/support/selectors.rb": {
        "lines": [
          null,
          null,
          null,
          null,
          null,
          1,
          null,
          null,
          null,
          null,
          null,
          null,
          1,
          0,
          null,
          null,
          0,
          null,
          null,
          null,
          null,
          null,
          null,
          null,
          null,
          null,
          null,
          null,
          null,
          null,
          null,
          null,
          null,
          null,
          0,
          null,
          null,
          0,
          null,
          null,
          null,
          null,
          null,
          1
        ]
      },
      "/Users/amayaqing/Desktop/CS4152_SaaS/saas-project/4152-Musiclub/features/support/paths.rb": {
        "lines": [
          null,
          null,
          null,
          null,
          null,
          1,
          null,
          null,
          null,
          null,
          null,
          null,
          1,
          105,
          null,
          50,
          0,
          5,
          40,
          4,
          6,
          null,
          null,
          null,
          null,
          null,
          null,
          null,
          null,
          null,
          null,
          0,
          0,
          0,
          0,
          0,
          null,
          null,
          null,
          null,
          null,
          null,
          1
        ]
      },
      "/Users/amayaqing/Desktop/CS4152_SaaS/saas-project/4152-Musiclub/features/step_definitions/account_steps.rb": {
        "lines": [
          1,
          35,
          70,
          null,
          null,
          null,
          null,
          null,
          null,
          null,
          null,
          1,
          0,
          null,
          null,
          null,
          null,
          null,
          null,
          null,
          null,
          null
        ]
      },
      "/Users/amayaqing/Desktop/CS4152_SaaS/saas-project/4152-Musiclub/features/step_definitions/music_steps.rb": {
        "lines": [
          null,
          null,
          1,
          24,
          88,
          null,
          null,
          null,
          null,
          null,
          null,
          null,
          null,
          1,
          6,
          null,
          null,
          null,
          1,
          3,
          null,
          null,
          1,
          null,
          3,
          12,
          4,
          null,
          8,
          null,
          null,
          null,
          null,
          null,
          1,
          null,
          2,
          9,
          5,
          null,
          4,
          null,
          null,
          null,
          null,
          1,
          null,
          1,
          null,
          null,
          null,
          null,
          null,
          1,
          null,
          0,
          0,
          null,
          null,
          1,
          null,
          0,
          0,
          null,
          null,
          null,
          1,
          null,
          null,
          null,
          0,
          null
        ]
      },
      "/Users/amayaqing/Desktop/CS4152_SaaS/saas-project/4152-Musiclub/features/step_definitions/web_steps.rb": {
        "lines": [
          null,
          null,
          null,
          null,
          null,
          null,
          null,
          null,
          null,
          null,
          null,
          null,
          null,
          null,
          null,
          null,
          null,
          null,
          null,
          null,
          null,
          1,
          1,
          1,
          1,
          null,
          1,
          1,
          0,
          null,
          null,
          1,
          null,
          null,
          1,
          0,
          null,
          null,
          null,
          1,
          0,
          null,
          null,
          1,
          102,
          null,
          null,
          1,
          2,
          null,
          null,
          1,
          1,
          null,
          null,
          1,
          41,
          null,
          null,
          1,
          28,
          null,
          null,
          1,
          80,
          null,
          null,
          1,
          0,
          null,
          null,
          null,
          null,
          null,
          null,
          null,
          null,
          null,
          null,
          null,
          null,
          null,
          1,
          0,
          0,
          null,
          null,
          null,
          null,
          1,
          12,
          null,
          null,
          1,
          0,
          null,
          null,
          1,
          0,
          null,
          null,
          1,
          0,
          null,
          null,
          1,
          0,
          null,
          null,
          1,
          35,
          null,
          null,
          1,
          0,
          null,
          0,
          null,
          null,
          1,
          15,
          null,
          null,
          1,
          0,
          0,
          null,
          null,
          1,
          0,
          0,
          0,
          0,
          null,
          null,
          null,
          1,
          0,
          0,
          0,
          0,
          null,
          null,
          null,
          1,
          0,
          0,
          null,
          0,
          0,
          0,
          null,
          0,
          null,
          0,
          0,
          0,
          null,
          0,
          null,
          null,
          null,
          1,
          0,
          0,
          0,
          0,
          null,
          null,
          1,
          0,
          0,
          0,
          null,
          null,
          null,
          1,
          0,
          0,
          0,
          null,
          null,
          null,
          1,
          0,
          0,
          null,
          null,
          1,
          0,
          0,
          0,
          0,
          null,
          0,
          null,
          null,
          1,
          0,
          null
        ]
      },
      "/Users/amayaqing/Desktop/CS4152_SaaS/saas-project/4152-Musiclub/app/models/music.rb": {
        "lines": [
          1,
          null,
          1,
          1,
          null,
          1,
          1,
          null,
          null,
          1,
          125,
          null,
          null,
          1,
          94,
          null,
          0,
          null,
          null,
          94,
          null,
          null,
          null,
          null
        ]
      },
      "/Users/amayaqing/Desktop/CS4152_SaaS/saas-project/4152-Musiclub/app/models/application_record.rb": {
        "lines": [
          1,
          1,
          null,
          null
        ]
      },
      "/Users/amayaqing/Desktop/CS4152_SaaS/saas-project/4152-Musiclub/app/models/account.rb": {
        "lines": [
          1,
          null,
          1,
          1,
          1,
          null,
          1,
          1,
          null,
          null
        ]
      },
      "/Users/amayaqing/Desktop/CS4152_SaaS/saas-project/4152-Musiclub/app/controllers/accounts_controller.rb": {
        "lines": [
          1,
          1,
          null,
          1,
          null,
          null,
          1,
          35,
          35,
          35,
          35,
          32,
          31,
          31,
          31,
          null,
          1,
          1,
          null,
          null,
          null,
          3,
          3,
          null,
          null,
          null,
          null,
          1,
          1,
          1,
          null,
          null,
          null
        ]
      },
      "/Users/amayaqing/Desktop/CS4152_SaaS/saas-project/4152-Musiclub/app/controllers/application_controller.rb": {
        "lines": [
          1,
          null,
          null,
          null,
          1,
          null,
          1,
          229,
          null,
          null
        ]
      },
      "/Users/amayaqing/Desktop/CS4152_SaaS/saas-project/4152-Musiclub/app/helpers/application_helper.rb": {
        "lines": [
          1,
          null
        ]
      },
      "/Users/amayaqing/Desktop/CS4152_SaaS/saas-project/4152-Musiclub/app/helpers/accounts_helper.rb": {
        "lines": [
          1,
          null
        ]
      },
      "/Users/amayaqing/Desktop/CS4152_SaaS/saas-project/4152-Musiclub/app/helpers/musics_helper.rb": {
        "lines": [
          1,
          null,
          null,
          null,
          1,
          0,
          null,
          null,
          1,
          14,
          14,
          null,
          14,
          14,
          null,
          0,
          null,
          14,
          null,
          null
        ]
      },
      "/Users/amayaqing/Desktop/CS4152_SaaS/saas-project/4152-Musiclub/app/controllers/musics_controller.rb": {
        "lines": [
          1,
          1,
          1,
          null,
          1,
          6,
          6,
          null,
          null,
          1,
          94,
          94,
          94,
          94,
          null,
          94,
          94,
          null,
          null,
          1,
          null,
          null,
          null,
          1,
          3,
          1,
          1,
          null,
          2,
          null,
          3,
          null,
          null,
          1,
          1,
          null,
          null,
          1,
          1,
          1,
          1,
          1,
          null,
          null,
          1,
          1,
          1,
          1,
          1,
          null,
          null,
          1,
          3,
          3,
          3,
          null,
          null,
          1,
          0,
          0,
          0,
          null,
          null,
          null,
          1,
          4,
          4,
          4,
          null,
          null,
          1,
          1,
          1,
          1,
          null,
          null,
          1,
          null,
          1,
          183,
          89,
          89,
          89,
          null,
          null,
          null,
          1,
          371,
          null,
          null,
          1,
          1277,
          null,
          null,
          1,
          277,
          null,
          null,
          1,
          null,
          null,
          1,
          2,
          null,
          null
        ]
      },
      "/Users/amayaqing/Desktop/CS4152_SaaS/saas-project/4152-Musiclub/app/models/library.rb": {
        "lines": [
          1,
          null,
          1,
          1,
          null,
          null,
          null
        ]
      },
      "/Users/amayaqing/Desktop/CS4152_SaaS/saas-project/4152-Musiclub/app/models/favorite_cart.rb": {
        "lines": [
          1,
          null,
          1,
          1,
          null,
          null,
          null
        ]
      },
      "/Users/amayaqing/Desktop/CS4152_SaaS/saas-project/4152-Musiclub/app/controllers/library_controller.rb": {
        "lines": [
          1,
          1,
          null,
          1,
          8,
          0,
          null,
          8,
          null,
          null,
          null,
          null
        ]
      },
      "/Users/amayaqing/Desktop/CS4152_SaaS/saas-project/4152-Musiclub/app/controllers/favorite_cart_controller.rb": {
        "lines": [
          1,
          1,
          null,
          1,
          12,
          0,
          null,
          12,
          null,
          null,
          null,
          null
        ]
      }
    },
    "timestamp": 1668496676
  }
}
